Starting ChatRoomApplication on MING-MBP with PID 816 (/Users/TIJK/IdeaProjects/microservice/ChatDemo/target/classes started by TIJK in /Users/TIJK/IdeaProjects/microservice/ChatDemo)
No active profile set, falling back to default profiles: default
Refreshing org.springframework.boot.web.servlet.context.AnnotationConfigServletWebServerApplicationContext@4fac58c8: startup date [Mon Aug 27 19:28:57 CST 2018]; root of context hierarchy
Tomcat initialized with port(s): 8080 (http)
Initializing ProtocolHandler ["http-nio-8080"]
Starting service [Tomcat]
Starting Servlet Engine: Apache Tomcat/8.5.31
The APR based Apache Tomcat Native library which allows optimal performance in production environments was not found on the java.library.path: [/Users/TIJK/Library/Java/Extensions:/Library/Java/Extensions:/Network/Library/Java/Extensions:/System/Library/Java/Extensions:/usr/lib/java:.]
Initializing Spring embedded WebApplicationContext
Root WebApplicationContext: initialization completed in 2117 ms
Servlet dispatcherServlet mapped to [/]
Mapping filter: 'characterEncodingFilter' to: [/*]
Mapping filter: 'hiddenHttpMethodFilter' to: [/*]
Mapping filter: 'httpPutFormContentFilter' to: [/*]
Mapping filter: 'requestContextFilter' to: [/*]
Mapped URL path [/**/favicon.ico] onto handler of type [class org.springframework.web.servlet.resource.ResourceHttpRequestHandler]
Looking for @ControllerAdvice: org.springframework.boot.web.servlet.context.AnnotationConfigServletWebServerApplicationContext@4fac58c8: startup date [Mon Aug 27 19:28:57 CST 2018]; root of context hierarchy
Mapped "{[/error]}" onto public org.springframework.http.ResponseEntity<java.util.Map<java.lang.String, java.lang.Object>> org.springframework.boot.autoconfigure.web.servlet.error.BasicErrorController.error(javax.servlet.http.HttpServletRequest)
Mapped "{[/error],produces=[text/html]}" onto public org.springframework.web.servlet.ModelAndView org.springframework.boot.autoconfigure.web.servlet.error.BasicErrorController.errorHtml(javax.servlet.http.HttpServletRequest,javax.servlet.http.HttpServletResponse)
Mapped URL path [/webjars/**] onto handler of type [class org.springframework.web.servlet.resource.ResourceHttpRequestHandler]
Mapped URL path [/**] onto handler of type [class org.springframework.web.servlet.resource.ResourceHttpRequestHandler]
Registering @ServerEndpoint class: class com.tijk.ChatRoom.Service.WebSocket
Registering beans for JMX exposure on startup
Starting ProtocolHandler ["http-nio-8080"]
Using a shared selector for servlet write/read
Tomcat started on port(s): 8080 (http) with context path ''
Started ChatRoomApplication in 4.512 seconds (JVM running for 9.432)
Starting ChatRoomApplication on MING-MBP with PID 826 (/Users/TIJK/IdeaProjects/microservice/ChatDemo/target/classes started by TIJK in /Users/TIJK/IdeaProjects/microservice)
No active profile set, falling back to default profiles: default
Refreshing org.springframework.boot.web.servlet.context.AnnotationConfigServletWebServerApplicationContext@a1153bc: startup date [Mon Aug 27 19:33:19 CST 2018]; root of context hierarchy
Tomcat initialized with port(s): 8080 (http)
Initializing ProtocolHandler ["http-nio-8080"]
Starting service [Tomcat]
Starting Servlet Engine: Apache Tomcat/8.5.31
The APR based Apache Tomcat Native library which allows optimal performance in production environments was not found on the java.library.path: [/Users/TIJK/Library/Java/Extensions:/Library/Java/Extensions:/Network/Library/Java/Extensions:/System/Library/Java/Extensions:/usr/lib/java:.]
Initializing Spring embedded WebApplicationContext
Root WebApplicationContext: initialization completed in 2146 ms
Servlet dispatcherServlet mapped to [/]
Mapping filter: 'characterEncodingFilter' to: [/*]
Mapping filter: 'hiddenHttpMethodFilter' to: [/*]
Mapping filter: 'httpPutFormContentFilter' to: [/*]
Mapping filter: 'requestContextFilter' to: [/*]
Mapped URL path [/**/favicon.ico] onto handler of type [class org.springframework.web.servlet.resource.ResourceHttpRequestHandler]
Looking for @ControllerAdvice: org.springframework.boot.web.servlet.context.AnnotationConfigServletWebServerApplicationContext@a1153bc: startup date [Mon Aug 27 19:33:19 CST 2018]; root of context hierarchy
Mapped "{[/error]}" onto public org.springframework.http.ResponseEntity<java.util.Map<java.lang.String, java.lang.Object>> org.springframework.boot.autoconfigure.web.servlet.error.BasicErrorController.error(javax.servlet.http.HttpServletRequest)
Mapped "{[/error],produces=[text/html]}" onto public org.springframework.web.servlet.ModelAndView org.springframework.boot.autoconfigure.web.servlet.error.BasicErrorController.errorHtml(javax.servlet.http.HttpServletRequest,javax.servlet.http.HttpServletResponse)
Mapped URL path [/webjars/**] onto handler of type [class org.springframework.web.servlet.resource.ResourceHttpRequestHandler]
Mapped URL path [/**] onto handler of type [class org.springframework.web.servlet.resource.ResourceHttpRequestHandler]
Registering @ServerEndpoint class: class com.tijk.ChatRoom.Service.WebSocket
Registering beans for JMX exposure on startup
Starting ProtocolHandler ["http-nio-8080"]
Using a shared selector for servlet write/read
Tomcat started on port(s): 8080 (http) with context path '/chat'
Started ChatRoomApplication in 4.522 seconds (JVM running for 6.005)
Starting ChatRoomApplication on MING-MBP with PID 853 (/Users/TIJK/IdeaProjects/microservice/ChatDemo/target/classes started by TIJK in /Users/TIJK/IdeaProjects/microservice)
No active profile set, falling back to default profiles: default
Refreshing org.springframework.boot.web.servlet.context.AnnotationConfigServletWebServerApplicationContext@a1153bc: startup date [Mon Aug 27 19:35:43 CST 2018]; root of context hierarchy
Tomcat initialized with port(s): 8080 (http)
Initializing ProtocolHandler ["http-nio-8080"]
Starting service [Tomcat]
Starting Servlet Engine: Apache Tomcat/8.5.31
The APR based Apache Tomcat Native library which allows optimal performance in production environments was not found on the java.library.path: [/Users/TIJK/Library/Java/Extensions:/Library/Java/Extensions:/Network/Library/Java/Extensions:/System/Library/Java/Extensions:/usr/lib/java:.]
Initializing Spring embedded WebApplicationContext
Root WebApplicationContext: initialization completed in 2040 ms
Servlet dispatcherServlet mapped to [/]
Mapping filter: 'characterEncodingFilter' to: [/*]
Mapping filter: 'hiddenHttpMethodFilter' to: [/*]
Mapping filter: 'httpPutFormContentFilter' to: [/*]
Mapping filter: 'requestContextFilter' to: [/*]
Mapped URL path [/**/favicon.ico] onto handler of type [class org.springframework.web.servlet.resource.ResourceHttpRequestHandler]
Looking for @ControllerAdvice: org.springframework.boot.web.servlet.context.AnnotationConfigServletWebServerApplicationContext@a1153bc: startup date [Mon Aug 27 19:35:43 CST 2018]; root of context hierarchy
Mapped "{[/error]}" onto public org.springframework.http.ResponseEntity<java.util.Map<java.lang.String, java.lang.Object>> org.springframework.boot.autoconfigure.web.servlet.error.BasicErrorController.error(javax.servlet.http.HttpServletRequest)
Mapped "{[/error],produces=[text/html]}" onto public org.springframework.web.servlet.ModelAndView org.springframework.boot.autoconfigure.web.servlet.error.BasicErrorController.errorHtml(javax.servlet.http.HttpServletRequest,javax.servlet.http.HttpServletResponse)
Mapped URL path [/webjars/**] onto handler of type [class org.springframework.web.servlet.resource.ResourceHttpRequestHandler]
Mapped URL path [/**] onto handler of type [class org.springframework.web.servlet.resource.ResourceHttpRequestHandler]
Registering @ServerEndpoint class: class com.tijk.ChatRoom.Service.WebSocket
Registering beans for JMX exposure on startup
Starting ProtocolHandler ["http-nio-8080"]
Pausing ProtocolHandler ["http-nio-8080"]
Stopping service [Tomcat]
The stop() method was called on component [StandardServer[-1]] after stop() had already been called. The second call will be ignored.
Stopping ProtocolHandler ["http-nio-8080"]
Destroying ProtocolHandler ["http-nio-8080"]


Error starting ApplicationContext. To display the conditions report re-run your application with 'debug' enabled.
Closing org.springframework.boot.web.servlet.context.AnnotationConfigServletWebServerApplicationContext@a1153bc: startup date [Mon Aug 27 19:35:43 CST 2018]; root of context hierarchy
Unregistering JMX-exposed beans on shutdown
Initializing Spring FrameworkServlet 'dispatcherServlet'
FrameworkServlet 'dispatcherServlet': initialization started
FrameworkServlet 'dispatcherServlet': initialization completed in 22 ms
Closing org.springframework.boot.web.servlet.context.AnnotationConfigServletWebServerApplicationContext@a1153bc: startup date [Mon Aug 27 19:33:19 CST 2018]; root of context hierarchy
Unregistering JMX-exposed beans on shutdown
Starting ChatRoomApplication on MING-MBP with PID 565 (/Users/TIJK/IdeaProjects/microservice/ChatDemo/target/classes started by TIJK in /Users/TIJK/IdeaProjects/microservice)
No active profile set, falling back to default profiles: default
Refreshing org.springframework.boot.web.servlet.context.AnnotationConfigServletWebServerApplicationContext@235834f2: startup date [Mon Aug 27 19:42:25 CST 2018]; root of context hierarchy
Tomcat initialized with port(s): 8080 (http)
Initializing ProtocolHandler ["http-nio-8080"]
Starting service [Tomcat]
Starting Servlet Engine: Apache Tomcat/8.5.31
The APR based Apache Tomcat Native library which allows optimal performance in production environments was not found on the java.library.path: [/Users/TIJK/Library/Java/Extensions:/Library/Java/Extensions:/Network/Library/Java/Extensions:/System/Library/Java/Extensions:/usr/lib/java:.]
Initializing Spring embedded WebApplicationContext
Root WebApplicationContext: initialization completed in 1830 ms
Servlet dispatcherServlet mapped to [/]
Mapping filter: 'characterEncodingFilter' to: [/*]
Mapping filter: 'hiddenHttpMethodFilter' to: [/*]
Mapping filter: 'httpPutFormContentFilter' to: [/*]
Mapping filter: 'requestContextFilter' to: [/*]
Mapped URL path [/**/favicon.ico] onto handler of type [class org.springframework.web.servlet.resource.ResourceHttpRequestHandler]
Looking for @ControllerAdvice: org.springframework.boot.web.servlet.context.AnnotationConfigServletWebServerApplicationContext@235834f2: startup date [Mon Aug 27 19:42:25 CST 2018]; root of context hierarchy
Mapped "{[/error]}" onto public org.springframework.http.ResponseEntity<java.util.Map<java.lang.String, java.lang.Object>> org.springframework.boot.autoconfigure.web.servlet.error.BasicErrorController.error(javax.servlet.http.HttpServletRequest)
Mapped "{[/error],produces=[text/html]}" onto public org.springframework.web.servlet.ModelAndView org.springframework.boot.autoconfigure.web.servlet.error.BasicErrorController.errorHtml(javax.servlet.http.HttpServletRequest,javax.servlet.http.HttpServletResponse)
Mapped URL path [/webjars/**] onto handler of type [class org.springframework.web.servlet.resource.ResourceHttpRequestHandler]
Mapped URL path [/**] onto handler of type [class org.springframework.web.servlet.resource.ResourceHttpRequestHandler]
Registering @ServerEndpoint class: class com.tijk.ChatRoom.Service.WebSocket
Registering beans for JMX exposure on startup
Starting ProtocolHandler ["http-nio-8080"]
Using a shared selector for servlet write/read
Tomcat started on port(s): 8080 (http) with context path '/chat'
Started ChatRoomApplication in 4.42 seconds (JVM running for 6.072)
Initializing Spring FrameworkServlet 'dispatcherServlet'
FrameworkServlet 'dispatcherServlet': initialization started
FrameworkServlet 'dispatcherServlet': initialization completed in 21 ms
Closing org.springframework.boot.web.servlet.context.AnnotationConfigServletWebServerApplicationContext@235834f2: startup date [Mon Aug 27 19:42:25 CST 2018]; root of context hierarchy
Unregistering JMX-exposed beans on shutdown
Starting ChatRoomApplication on MING-MBP with PID 619 (/Users/TIJK/IdeaProjects/microservice/ChatDemo/target/classes started by TIJK in /Users/TIJK/IdeaProjects/microservice)
No active profile set, falling back to default profiles: default
Refreshing org.springframework.boot.web.servlet.context.AnnotationConfigServletWebServerApplicationContext@56f0cc85: startup date [Mon Aug 27 19:47:42 CST 2018]; root of context hierarchy
Tomcat initialized with port(s): 8080 (http)
Initializing ProtocolHandler ["http-nio-8080"]
Starting service [Tomcat]
Starting Servlet Engine: Apache Tomcat/8.5.31
The APR based Apache Tomcat Native library which allows optimal performance in production environments was not found on the java.library.path: [/Users/TIJK/Library/Java/Extensions:/Library/Java/Extensions:/Network/Library/Java/Extensions:/System/Library/Java/Extensions:/usr/lib/java:.]
Initializing Spring embedded WebApplicationContext
Root WebApplicationContext: initialization completed in 1385 ms
Servlet dispatcherServlet mapped to [/]
Mapping filter: 'characterEncodingFilter' to: [/*]
Mapping filter: 'hiddenHttpMethodFilter' to: [/*]
Mapping filter: 'httpPutFormContentFilter' to: [/*]
Mapping filter: 'requestContextFilter' to: [/*]
Mapped URL path [/**/favicon.ico] onto handler of type [class org.springframework.web.servlet.resource.ResourceHttpRequestHandler]
Looking for @ControllerAdvice: org.springframework.boot.web.servlet.context.AnnotationConfigServletWebServerApplicationContext@56f0cc85: startup date [Mon Aug 27 19:47:42 CST 2018]; root of context hierarchy
Mapped "{[/error]}" onto public org.springframework.http.ResponseEntity<java.util.Map<java.lang.String, java.lang.Object>> org.springframework.boot.autoconfigure.web.servlet.error.BasicErrorController.error(javax.servlet.http.HttpServletRequest)
Mapped "{[/error],produces=[text/html]}" onto public org.springframework.web.servlet.ModelAndView org.springframework.boot.autoconfigure.web.servlet.error.BasicErrorController.errorHtml(javax.servlet.http.HttpServletRequest,javax.servlet.http.HttpServletResponse)
Mapped URL path [/webjars/**] onto handler of type [class org.springframework.web.servlet.resource.ResourceHttpRequestHandler]
Mapped URL path [/**] onto handler of type [class org.springframework.web.servlet.resource.ResourceHttpRequestHandler]
Registering @ServerEndpoint class: class com.tijk.ChatRoom.Service.WebSocket
Registering beans for JMX exposure on startup
Starting ProtocolHandler ["http-nio-8080"]
Using a shared selector for servlet write/read
Tomcat started on port(s): 8080 (http) with context path '/chat'
Started ChatRoomApplication in 3.631 seconds (JVM running for 6.191)
Initializing Spring FrameworkServlet 'dispatcherServlet'
FrameworkServlet 'dispatcherServlet': initialization started
FrameworkServlet 'dispatcherServlet': initialization completed in 34 ms
Closing org.springframework.boot.web.servlet.context.AnnotationConfigServletWebServerApplicationContext@56f0cc85: startup date [Mon Aug 27 19:47:42 CST 2018]; root of context hierarchy
Unregistering JMX-exposed beans on shutdown
Starting ChatRoomApplication on MING-MBP with PID 625 (/Users/TIJK/IdeaProjects/microservice/ChatDemo/target/classes started by TIJK in /Users/TIJK/IdeaProjects/microservice)
No active profile set, falling back to default profiles: default
Refreshing org.springframework.boot.web.servlet.context.AnnotationConfigServletWebServerApplicationContext@34a875b3: startup date [Mon Aug 27 19:50:40 CST 2018]; root of context hierarchy
Tomcat initialized with port(s): 8080 (http)
Initializing ProtocolHandler ["http-nio-8080"]
Starting service [Tomcat]
Starting Servlet Engine: Apache Tomcat/8.5.31
The APR based Apache Tomcat Native library which allows optimal performance in production environments was not found on the java.library.path: [/Users/TIJK/Library/Java/Extensions:/Library/Java/Extensions:/Network/Library/Java/Extensions:/System/Library/Java/Extensions:/usr/lib/java:.]
Initializing Spring embedded WebApplicationContext
Root WebApplicationContext: initialization completed in 1429 ms
Servlet dispatcherServlet mapped to [/]
Mapping filter: 'characterEncodingFilter' to: [/*]
Mapping filter: 'hiddenHttpMethodFilter' to: [/*]
Mapping filter: 'httpPutFormContentFilter' to: [/*]
Mapping filter: 'requestContextFilter' to: [/*]
Mapped URL path [/**/favicon.ico] onto handler of type [class org.springframework.web.servlet.resource.ResourceHttpRequestHandler]
Looking for @ControllerAdvice: org.springframework.boot.web.servlet.context.AnnotationConfigServletWebServerApplicationContext@34a875b3: startup date [Mon Aug 27 19:50:40 CST 2018]; root of context hierarchy
Mapped "{[/error]}" onto public org.springframework.http.ResponseEntity<java.util.Map<java.lang.String, java.lang.Object>> org.springframework.boot.autoconfigure.web.servlet.error.BasicErrorController.error(javax.servlet.http.HttpServletRequest)
Mapped "{[/error],produces=[text/html]}" onto public org.springframework.web.servlet.ModelAndView org.springframework.boot.autoconfigure.web.servlet.error.BasicErrorController.errorHtml(javax.servlet.http.HttpServletRequest,javax.servlet.http.HttpServletResponse)
Mapped URL path [/webjars/**] onto handler of type [class org.springframework.web.servlet.resource.ResourceHttpRequestHandler]
Mapped URL path [/**] onto handler of type [class org.springframework.web.servlet.resource.ResourceHttpRequestHandler]
Registering @ServerEndpoint class: class com.tijk.ChatRoom.Service.WebSocket
Registering beans for JMX exposure on startup
Starting ProtocolHandler ["http-nio-8080"]
Using a shared selector for servlet write/read
Tomcat started on port(s): 8080 (http) with context path '/chat'
Started ChatRoomApplication in 4.149 seconds (JVM running for 5.83)
Initializing Spring FrameworkServlet 'dispatcherServlet'
FrameworkServlet 'dispatcherServlet': initialization started
FrameworkServlet 'dispatcherServlet': initialization completed in 19 ms
Closing org.springframework.boot.web.servlet.context.AnnotationConfigServletWebServerApplicationContext@34a875b3: startup date [Mon Aug 27 19:50:40 CST 2018]; root of context hierarchy
Unregistering JMX-exposed beans on shutdown
Starting ChatRoomApplication on MING-MBP with PID 631 (/Users/TIJK/IdeaProjects/microservice/ChatDemo/target/classes started by TIJK in /Users/TIJK/IdeaProjects/microservice)
No active profile set, falling back to default profiles: default
Refreshing org.springframework.boot.web.servlet.context.AnnotationConfigServletWebServerApplicationContext@16fdec90: startup date [Mon Aug 27 19:54:54 CST 2018]; root of context hierarchy
Tomcat initialized with port(s): 8080 (http)
Initializing ProtocolHandler ["http-nio-8080"]
Starting service [Tomcat]
Starting Servlet Engine: Apache Tomcat/8.5.31
The APR based Apache Tomcat Native library which allows optimal performance in production environments was not found on the java.library.path: [/Users/TIJK/Library/Java/Extensions:/Library/Java/Extensions:/Network/Library/Java/Extensions:/System/Library/Java/Extensions:/usr/lib/java:.]
Initializing Spring embedded WebApplicationContext
Root WebApplicationContext: initialization completed in 2267 ms
Servlet dispatcherServlet mapped to [/]
Mapping filter: 'characterEncodingFilter' to: [/*]
Mapping filter: 'hiddenHttpMethodFilter' to: [/*]
Mapping filter: 'httpPutFormContentFilter' to: [/*]
Mapping filter: 'requestContextFilter' to: [/*]
Mapped URL path [/**/favicon.ico] onto handler of type [class org.springframework.web.servlet.resource.ResourceHttpRequestHandler]
Looking for @ControllerAdvice: org.springframework.boot.web.servlet.context.AnnotationConfigServletWebServerApplicationContext@16fdec90: startup date [Mon Aug 27 19:54:54 CST 2018]; root of context hierarchy
Mapped "{[/error]}" onto public org.springframework.http.ResponseEntity<java.util.Map<java.lang.String, java.lang.Object>> org.springframework.boot.autoconfigure.web.servlet.error.BasicErrorController.error(javax.servlet.http.HttpServletRequest)
Mapped "{[/error],produces=[text/html]}" onto public org.springframework.web.servlet.ModelAndView org.springframework.boot.autoconfigure.web.servlet.error.BasicErrorController.errorHtml(javax.servlet.http.HttpServletRequest,javax.servlet.http.HttpServletResponse)
Mapped URL path [/webjars/**] onto handler of type [class org.springframework.web.servlet.resource.ResourceHttpRequestHandler]
Mapped URL path [/**] onto handler of type [class org.springframework.web.servlet.resource.ResourceHttpRequestHandler]
Registering @ServerEndpoint class: class com.tijk.ChatRoom.Service.WebSocket
Registering beans for JMX exposure on startup
Starting ProtocolHandler ["http-nio-8080"]
Using a shared selector for servlet write/read
Tomcat started on port(s): 8080 (http) with context path '/chat'
Started ChatRoomApplication in 5.114 seconds (JVM running for 6.404)
Initializing Spring FrameworkServlet 'dispatcherServlet'
FrameworkServlet 'dispatcherServlet': initialization started
FrameworkServlet 'dispatcherServlet': initialization completed in 27 ms
Closing org.springframework.boot.web.servlet.context.AnnotationConfigServletWebServerApplicationContext@16fdec90: startup date [Mon Aug 27 19:54:54 CST 2018]; root of context hierarchy
Unregistering JMX-exposed beans on shutdown
Starting ChatRoomApplication on MING-MBP with PID 634 (/Users/TIJK/IdeaProjects/microservice/ChatDemo/target/classes started by TIJK in /Users/TIJK/IdeaProjects/microservice)
No active profile set, falling back to default profiles: default
Refreshing org.springframework.boot.web.servlet.context.AnnotationConfigServletWebServerApplicationContext@6a55299e: startup date [Mon Aug 27 19:56:42 CST 2018]; root of context hierarchy
Tomcat initialized with port(s): 8080 (http)
Initializing ProtocolHandler ["http-nio-8080"]
Starting service [Tomcat]
Starting Servlet Engine: Apache Tomcat/8.5.31
The APR based Apache Tomcat Native library which allows optimal performance in production environments was not found on the java.library.path: [/Users/TIJK/Library/Java/Extensions:/Library/Java/Extensions:/Network/Library/Java/Extensions:/System/Library/Java/Extensions:/usr/lib/java:.]
Initializing Spring embedded WebApplicationContext
Root WebApplicationContext: initialization completed in 1748 ms
Servlet dispatcherServlet mapped to [/]
Mapping filter: 'characterEncodingFilter' to: [/*]
Mapping filter: 'hiddenHttpMethodFilter' to: [/*]
Mapping filter: 'httpPutFormContentFilter' to: [/*]
Mapping filter: 'requestContextFilter' to: [/*]
Mapped URL path [/**/favicon.ico] onto handler of type [class org.springframework.web.servlet.resource.ResourceHttpRequestHandler]
Looking for @ControllerAdvice: org.springframework.boot.web.servlet.context.AnnotationConfigServletWebServerApplicationContext@6a55299e: startup date [Mon Aug 27 19:56:42 CST 2018]; root of context hierarchy
Mapped "{[/error]}" onto public org.springframework.http.ResponseEntity<java.util.Map<java.lang.String, java.lang.Object>> org.springframework.boot.autoconfigure.web.servlet.error.BasicErrorController.error(javax.servlet.http.HttpServletRequest)
Mapped "{[/error],produces=[text/html]}" onto public org.springframework.web.servlet.ModelAndView org.springframework.boot.autoconfigure.web.servlet.error.BasicErrorController.errorHtml(javax.servlet.http.HttpServletRequest,javax.servlet.http.HttpServletResponse)
Mapped URL path [/webjars/**] onto handler of type [class org.springframework.web.servlet.resource.ResourceHttpRequestHandler]
Mapped URL path [/**] onto handler of type [class org.springframework.web.servlet.resource.ResourceHttpRequestHandler]
Registering @ServerEndpoint class: class com.tijk.ChatRoom.Service.WebSocket
Registering beans for JMX exposure on startup
Starting ProtocolHandler ["http-nio-8080"]
Using a shared selector for servlet write/read
Tomcat started on port(s): 8080 (http) with context path '/chat'
Started ChatRoomApplication in 9.988 seconds (JVM running for 11.416)
Initializing Spring FrameworkServlet 'dispatcherServlet'
FrameworkServlet 'dispatcherServlet': initialization started
FrameworkServlet 'dispatcherServlet': initialization completed in 134 ms
Closing org.springframework.boot.web.servlet.context.AnnotationConfigServletWebServerApplicationContext@6a55299e: startup date [Mon Aug 27 19:56:42 CST 2018]; root of context hierarchy
Unregistering JMX-exposed beans on shutdown
Starting ChatRoomApplication on MING-MBP with PID 637 (/Users/TIJK/IdeaProjects/microservice/ChatDemo/target/classes started by TIJK in /Users/TIJK/IdeaProjects/microservice)
No active profile set, falling back to default profiles: default
Refreshing org.springframework.boot.web.servlet.context.AnnotationConfigServletWebServerApplicationContext@6a55299e: startup date [Mon Aug 27 20:01:00 CST 2018]; root of context hierarchy
Tomcat initialized with port(s): 8080 (http)
Initializing ProtocolHandler ["http-nio-8080"]
Starting service [Tomcat]
Starting Servlet Engine: Apache Tomcat/8.5.31
The APR based Apache Tomcat Native library which allows optimal performance in production environments was not found on the java.library.path: [/Users/TIJK/Library/Java/Extensions:/Library/Java/Extensions:/Network/Library/Java/Extensions:/System/Library/Java/Extensions:/usr/lib/java:.]
Initializing Spring embedded WebApplicationContext
Root WebApplicationContext: initialization completed in 1784 ms
Servlet dispatcherServlet mapped to [/]
Mapping filter: 'characterEncodingFilter' to: [/*]
Mapping filter: 'hiddenHttpMethodFilter' to: [/*]
Mapping filter: 'httpPutFormContentFilter' to: [/*]
Mapping filter: 'requestContextFilter' to: [/*]
Mapped URL path [/**/favicon.ico] onto handler of type [class org.springframework.web.servlet.resource.ResourceHttpRequestHandler]
Looking for @ControllerAdvice: org.springframework.boot.web.servlet.context.AnnotationConfigServletWebServerApplicationContext@6a55299e: startup date [Mon Aug 27 20:01:00 CST 2018]; root of context hierarchy
Mapped "{[/error]}" onto public org.springframework.http.ResponseEntity<java.util.Map<java.lang.String, java.lang.Object>> org.springframework.boot.autoconfigure.web.servlet.error.BasicErrorController.error(javax.servlet.http.HttpServletRequest)
Mapped "{[/error],produces=[text/html]}" onto public org.springframework.web.servlet.ModelAndView org.springframework.boot.autoconfigure.web.servlet.error.BasicErrorController.errorHtml(javax.servlet.http.HttpServletRequest,javax.servlet.http.HttpServletResponse)
Mapped URL path [/webjars/**] onto handler of type [class org.springframework.web.servlet.resource.ResourceHttpRequestHandler]
Mapped URL path [/**] onto handler of type [class org.springframework.web.servlet.resource.ResourceHttpRequestHandler]
Registering beans for JMX exposure on startup
Starting ProtocolHandler ["http-nio-8080"]
Using a shared selector for servlet write/read
Tomcat started on port(s): 8080 (http) with context path '/chat'
Started ChatRoomApplication in 3.958 seconds (JVM running for 5.237)
Initializing Spring FrameworkServlet 'dispatcherServlet'
FrameworkServlet 'dispatcherServlet': initialization started
FrameworkServlet 'dispatcherServlet': initialization completed in 17 ms
Closing org.springframework.boot.web.servlet.context.AnnotationConfigServletWebServerApplicationContext@6a55299e: startup date [Mon Aug 27 20:01:00 CST 2018]; root of context hierarchy
Unregistering JMX-exposed beans on shutdown
Starting ChatRoomApplication on MING-MBP with PID 641 (/Users/TIJK/IdeaProjects/microservice/ChatDemo/target/classes started by TIJK in /Users/TIJK/IdeaProjects/microservice)
No active profile set, falling back to default profiles: default
Refreshing org.springframework.boot.web.servlet.context.AnnotationConfigServletWebServerApplicationContext@47eaca72: startup date [Mon Aug 27 20:01:34 CST 2018]; root of context hierarchy
Tomcat initialized with port(s): 8080 (http)
Initializing ProtocolHandler ["http-nio-8080"]
Starting service [Tomcat]
Starting Servlet Engine: Apache Tomcat/8.5.31
The APR based Apache Tomcat Native library which allows optimal performance in production environments was not found on the java.library.path: [/Users/TIJK/Library/Java/Extensions:/Library/Java/Extensions:/Network/Library/Java/Extensions:/System/Library/Java/Extensions:/usr/lib/java:.]
Initializing Spring embedded WebApplicationContext
Root WebApplicationContext: initialization completed in 1490 ms
Servlet dispatcherServlet mapped to [/]
Mapping filter: 'characterEncodingFilter' to: [/*]
Mapping filter: 'hiddenHttpMethodFilter' to: [/*]
Mapping filter: 'httpPutFormContentFilter' to: [/*]
Mapping filter: 'requestContextFilter' to: [/*]
Mapped URL path [/**/favicon.ico] onto handler of type [class org.springframework.web.servlet.resource.ResourceHttpRequestHandler]
Looking for @ControllerAdvice: org.springframework.boot.web.servlet.context.AnnotationConfigServletWebServerApplicationContext@47eaca72: startup date [Mon Aug 27 20:01:34 CST 2018]; root of context hierarchy
Mapped "{[/error]}" onto public org.springframework.http.ResponseEntity<java.util.Map<java.lang.String, java.lang.Object>> org.springframework.boot.autoconfigure.web.servlet.error.BasicErrorController.error(javax.servlet.http.HttpServletRequest)
Mapped "{[/error],produces=[text/html]}" onto public org.springframework.web.servlet.ModelAndView org.springframework.boot.autoconfigure.web.servlet.error.BasicErrorController.errorHtml(javax.servlet.http.HttpServletRequest,javax.servlet.http.HttpServletResponse)
Mapped URL path [/webjars/**] onto handler of type [class org.springframework.web.servlet.resource.ResourceHttpRequestHandler]
Mapped URL path [/**] onto handler of type [class org.springframework.web.servlet.resource.ResourceHttpRequestHandler]
Registering beans for JMX exposure on startup
Starting ProtocolHandler ["http-nio-8080"]
Using a shared selector for servlet write/read
Tomcat started on port(s): 8080 (http) with context path '/chat'
Started ChatRoomApplication in 3.078 seconds (JVM running for 3.979)
Initializing Spring FrameworkServlet 'dispatcherServlet'
FrameworkServlet 'dispatcherServlet': initialization started
FrameworkServlet 'dispatcherServlet': initialization completed in 14 ms
Closing org.springframework.boot.web.servlet.context.AnnotationConfigServletWebServerApplicationContext@47eaca72: startup date [Mon Aug 27 20:01:34 CST 2018]; root of context hierarchy
Unregistering JMX-exposed beans on shutdown
Starting ChatRoomApplication on MING-MBP with PID 644 (/Users/TIJK/IdeaProjects/microservice/ChatDemo/target/classes started by TIJK in /Users/TIJK/IdeaProjects/microservice)
No active profile set, falling back to default profiles: default
Refreshing org.springframework.boot.web.servlet.context.AnnotationConfigServletWebServerApplicationContext@47eaca72: startup date [Mon Aug 27 20:02:18 CST 2018]; root of context hierarchy
Tomcat initialized with port(s): 8080 (http)
Initializing ProtocolHandler ["http-nio-8080"]
Starting service [Tomcat]
Starting Servlet Engine: Apache Tomcat/8.5.31
The APR based Apache Tomcat Native library which allows optimal performance in production environments was not found on the java.library.path: [/Users/TIJK/Library/Java/Extensions:/Library/Java/Extensions:/Network/Library/Java/Extensions:/System/Library/Java/Extensions:/usr/lib/java:.]
Initializing Spring embedded WebApplicationContext
Root WebApplicationContext: initialization completed in 1673 ms
Servlet dispatcherServlet mapped to [/]
Mapping filter: 'characterEncodingFilter' to: [/*]
Mapping filter: 'hiddenHttpMethodFilter' to: [/*]
Mapping filter: 'httpPutFormContentFilter' to: [/*]
Mapping filter: 'requestContextFilter' to: [/*]
Mapped URL path [/**/favicon.ico] onto handler of type [class org.springframework.web.servlet.resource.ResourceHttpRequestHandler]
Looking for @ControllerAdvice: org.springframework.boot.web.servlet.context.AnnotationConfigServletWebServerApplicationContext@47eaca72: startup date [Mon Aug 27 20:02:18 CST 2018]; root of context hierarchy
Mapped "{[/error]}" onto public org.springframework.http.ResponseEntity<java.util.Map<java.lang.String, java.lang.Object>> org.springframework.boot.autoconfigure.web.servlet.error.BasicErrorController.error(javax.servlet.http.HttpServletRequest)
Mapped "{[/error],produces=[text/html]}" onto public org.springframework.web.servlet.ModelAndView org.springframework.boot.autoconfigure.web.servlet.error.BasicErrorController.errorHtml(javax.servlet.http.HttpServletRequest,javax.servlet.http.HttpServletResponse)
Mapped URL path [/webjars/**] onto handler of type [class org.springframework.web.servlet.resource.ResourceHttpRequestHandler]
Mapped URL path [/**] onto handler of type [class org.springframework.web.servlet.resource.ResourceHttpRequestHandler]
Registering @ServerEndpoint class: class com.tijk.ChatRoom.Service.WebSocket
Registering beans for JMX exposure on startup
Starting ProtocolHandler ["http-nio-8080"]
Using a shared selector for servlet write/read
Tomcat started on port(s): 8080 (http) with context path '/chat'
Started ChatRoomApplication in 3.349 seconds (JVM running for 4.196)
Initializing Spring FrameworkServlet 'dispatcherServlet'
FrameworkServlet 'dispatcherServlet': initialization started
FrameworkServlet 'dispatcherServlet': initialization completed in 14 ms
Closing org.springframework.boot.web.servlet.context.AnnotationConfigServletWebServerApplicationContext@47eaca72: startup date [Mon Aug 27 20:02:18 CST 2018]; root of context hierarchy
Unregistering JMX-exposed beans on shutdown
Starting ChatRoomApplication on MING-MBP with PID 656 (/Users/TIJK/IdeaProjects/microservice/ChatDemo/target/classes started by TIJK in /Users/TIJK/IdeaProjects/microservice)
No active profile set, falling back to default profiles: default
Refreshing org.springframework.boot.web.servlet.context.AnnotationConfigServletWebServerApplicationContext@47eaca72: startup date [Mon Aug 27 20:17:11 CST 2018]; root of context hierarchy
Tomcat initialized with port(s): 8080 (http)
Initializing ProtocolHandler ["http-nio-8080"]
Starting service [Tomcat]
Starting Servlet Engine: Apache Tomcat/8.5.31
The APR based Apache Tomcat Native library which allows optimal performance in production environments was not found on the java.library.path: [/Users/TIJK/Library/Java/Extensions:/Library/Java/Extensions:/Network/Library/Java/Extensions:/System/Library/Java/Extensions:/usr/lib/java:.]
Initializing Spring embedded WebApplicationContext
Root WebApplicationContext: initialization completed in 1380 ms
Servlet dispatcherServlet mapped to [/]
Mapping filter: 'characterEncodingFilter' to: [/*]
Mapping filter: 'hiddenHttpMethodFilter' to: [/*]
Mapping filter: 'httpPutFormContentFilter' to: [/*]
Mapping filter: 'requestContextFilter' to: [/*]
Mapped URL path [/**/favicon.ico] onto handler of type [class org.springframework.web.servlet.resource.ResourceHttpRequestHandler]
Looking for @ControllerAdvice: org.springframework.boot.web.servlet.context.AnnotationConfigServletWebServerApplicationContext@47eaca72: startup date [Mon Aug 27 20:17:11 CST 2018]; root of context hierarchy
Mapped "{[/error]}" onto public org.springframework.http.ResponseEntity<java.util.Map<java.lang.String, java.lang.Object>> org.springframework.boot.autoconfigure.web.servlet.error.BasicErrorController.error(javax.servlet.http.HttpServletRequest)
Mapped "{[/error],produces=[text/html]}" onto public org.springframework.web.servlet.ModelAndView org.springframework.boot.autoconfigure.web.servlet.error.BasicErrorController.errorHtml(javax.servlet.http.HttpServletRequest,javax.servlet.http.HttpServletResponse)
Mapped URL path [/webjars/**] onto handler of type [class org.springframework.web.servlet.resource.ResourceHttpRequestHandler]
Mapped URL path [/**] onto handler of type [class org.springframework.web.servlet.resource.ResourceHttpRequestHandler]
Registering @ServerEndpoint class: class com.tijk.ChatRoom.Service.WebSocket
Registering beans for JMX exposure on startup
Starting ProtocolHandler ["http-nio-8080"]
Using a shared selector for servlet write/read
Tomcat started on port(s): 8080 (http) with context path '/chat'
Started ChatRoomApplication in 3.358 seconds (JVM running for 4.261)
Initializing Spring FrameworkServlet 'dispatcherServlet'
FrameworkServlet 'dispatcherServlet': initialization started
FrameworkServlet 'dispatcherServlet': initialization completed in 22 ms
Closing org.springframework.boot.web.servlet.context.AnnotationConfigServletWebServerApplicationContext@47eaca72: startup date [Mon Aug 27 20:17:11 CST 2018]; root of context hierarchy
Unregistering JMX-exposed beans on shutdown
Starting ChatRoomApplication on MING-MBP with PID 659 (/Users/TIJK/IdeaProjects/microservice/ChatDemo/target/classes started by TIJK in /Users/TIJK/IdeaProjects/microservice)
No active profile set, falling back to default profiles: default
Refreshing org.springframework.boot.web.servlet.context.AnnotationConfigServletWebServerApplicationContext@25aca718: startup date [Mon Aug 27 20:17:34 CST 2018]; root of context hierarchy
Tomcat initialized with port(s): 8080 (http)
Initializing ProtocolHandler ["http-nio-8080"]
Starting service [Tomcat]
Starting Servlet Engine: Apache Tomcat/8.5.31
The APR based Apache Tomcat Native library which allows optimal performance in production environments was not found on the java.library.path: [/Users/TIJK/Library/Java/Extensions:/Library/Java/Extensions:/Network/Library/Java/Extensions:/System/Library/Java/Extensions:/usr/lib/java:.]
Initializing Spring embedded WebApplicationContext
Root WebApplicationContext: initialization completed in 1438 ms
Servlet dispatcherServlet mapped to [/]
Mapping filter: 'characterEncodingFilter' to: [/*]
Mapping filter: 'hiddenHttpMethodFilter' to: [/*]
Mapping filter: 'httpPutFormContentFilter' to: [/*]
Mapping filter: 'requestContextFilter' to: [/*]
Mapped URL path [/**/favicon.ico] onto handler of type [class org.springframework.web.servlet.resource.ResourceHttpRequestHandler]
Looking for @ControllerAdvice: org.springframework.boot.web.servlet.context.AnnotationConfigServletWebServerApplicationContext@25aca718: startup date [Mon Aug 27 20:17:34 CST 2018]; root of context hierarchy
Mapped "{[/error]}" onto public org.springframework.http.ResponseEntity<java.util.Map<java.lang.String, java.lang.Object>> org.springframework.boot.autoconfigure.web.servlet.error.BasicErrorController.error(javax.servlet.http.HttpServletRequest)
Mapped "{[/error],produces=[text/html]}" onto public org.springframework.web.servlet.ModelAndView org.springframework.boot.autoconfigure.web.servlet.error.BasicErrorController.errorHtml(javax.servlet.http.HttpServletRequest,javax.servlet.http.HttpServletResponse)
Mapped URL path [/webjars/**] onto handler of type [class org.springframework.web.servlet.resource.ResourceHttpRequestHandler]
Mapped URL path [/**] onto handler of type [class org.springframework.web.servlet.resource.ResourceHttpRequestHandler]
Registering @ServerEndpoint class: class com.tijk.ChatRoom.Service.WebSocket
Registering beans for JMX exposure on startup
Starting ProtocolHandler ["http-nio-8080"]
Using a shared selector for servlet write/read
Tomcat started on port(s): 8080 (http) with context path '/chat'
Started ChatRoomApplication in 9.645 seconds (JVM running for 10.945)
Initializing Spring FrameworkServlet 'dispatcherServlet'
FrameworkServlet 'dispatcherServlet': initialization started
FrameworkServlet 'dispatcherServlet': initialization completed in 164 ms
Closing org.springframework.boot.web.servlet.context.AnnotationConfigServletWebServerApplicationContext@25aca718: startup date [Mon Aug 27 20:17:34 CST 2018]; root of context hierarchy
Unregistering JMX-exposed beans on shutdown
Starting ChatRoomApplication on MING-MBP with PID 664 (/Users/TIJK/IdeaProjects/microservice/ChatDemo/target/classes started by TIJK in /Users/TIJK/IdeaProjects/microservice)
No active profile set, falling back to default profiles: default
Refreshing org.springframework.boot.web.servlet.context.AnnotationConfigServletWebServerApplicationContext@dbd8e44: startup date [Mon Aug 27 20:19:44 CST 2018]; root of context hierarchy
Tomcat initialized with port(s): 8080 (http)
Initializing ProtocolHandler ["http-nio-8080"]
Starting service [Tomcat]
Starting Servlet Engine: Apache Tomcat/8.5.31
The APR based Apache Tomcat Native library which allows optimal performance in production environments was not found on the java.library.path: [/Users/TIJK/Library/Java/Extensions:/Library/Java/Extensions:/Network/Library/Java/Extensions:/System/Library/Java/Extensions:/usr/lib/java:.]
Initializing Spring embedded WebApplicationContext
Root WebApplicationContext: initialization completed in 1518 ms
Servlet dispatcherServlet mapped to [/]
Mapping filter: 'characterEncodingFilter' to: [/*]
Mapping filter: 'hiddenHttpMethodFilter' to: [/*]
Mapping filter: 'httpPutFormContentFilter' to: [/*]
Mapping filter: 'requestContextFilter' to: [/*]
Mapped URL path [/**/favicon.ico] onto handler of type [class org.springframework.web.servlet.resource.ResourceHttpRequestHandler]
Looking for @ControllerAdvice: org.springframework.boot.web.servlet.context.AnnotationConfigServletWebServerApplicationContext@dbd8e44: startup date [Mon Aug 27 20:19:44 CST 2018]; root of context hierarchy
Mapped "{[/error]}" onto public org.springframework.http.ResponseEntity<java.util.Map<java.lang.String, java.lang.Object>> org.springframework.boot.autoconfigure.web.servlet.error.BasicErrorController.error(javax.servlet.http.HttpServletRequest)
Mapped "{[/error],produces=[text/html]}" onto public org.springframework.web.servlet.ModelAndView org.springframework.boot.autoconfigure.web.servlet.error.BasicErrorController.errorHtml(javax.servlet.http.HttpServletRequest,javax.servlet.http.HttpServletResponse)
Mapped URL path [/webjars/**] onto handler of type [class org.springframework.web.servlet.resource.ResourceHttpRequestHandler]
Mapped URL path [/**] onto handler of type [class org.springframework.web.servlet.resource.ResourceHttpRequestHandler]
Registering @ServerEndpoint class: class com.tijk.ChatRoom.Service.WebSocket
Registering beans for JMX exposure on startup
Starting ProtocolHandler ["http-nio-8080"]
Using a shared selector for servlet write/read
Tomcat started on port(s): 8080 (http) with context path '/chat'
Started ChatRoomApplication in 3.702 seconds (JVM running for 4.946)
Initializing Spring FrameworkServlet 'dispatcherServlet'
FrameworkServlet 'dispatcherServlet': initialization started
FrameworkServlet 'dispatcherServlet': initialization completed in 45 ms
Closing org.springframework.boot.web.servlet.context.AnnotationConfigServletWebServerApplicationContext@dbd8e44: startup date [Mon Aug 27 20:19:44 CST 2018]; root of context hierarchy
Unregistering JMX-exposed beans on shutdown
Starting ChatRoomApplication on MING-MBP with PID 667 (/Users/TIJK/IdeaProjects/microservice/ChatDemo/target/classes started by TIJK in /Users/TIJK/IdeaProjects/microservice)
No active profile set, falling back to default profiles: default
Refreshing org.springframework.boot.web.servlet.context.AnnotationConfigServletWebServerApplicationContext@a1153bc: startup date [Mon Aug 27 20:23:26 CST 2018]; root of context hierarchy
Tomcat initialized with port(s): 8080 (http)
Initializing ProtocolHandler ["http-nio-8080"]
Starting service [Tomcat]
Starting Servlet Engine: Apache Tomcat/8.5.31
The APR based Apache Tomcat Native library which allows optimal performance in production environments was not found on the java.library.path: [/Users/TIJK/Library/Java/Extensions:/Library/Java/Extensions:/Network/Library/Java/Extensions:/System/Library/Java/Extensions:/usr/lib/java:.]
Initializing Spring embedded WebApplicationContext
Root WebApplicationContext: initialization completed in 1304 ms
Servlet dispatcherServlet mapped to [/]
Mapping filter: 'characterEncodingFilter' to: [/*]
Mapping filter: 'hiddenHttpMethodFilter' to: [/*]
Mapping filter: 'httpPutFormContentFilter' to: [/*]
Mapping filter: 'requestContextFilter' to: [/*]
Mapped URL path [/**/favicon.ico] onto handler of type [class org.springframework.web.servlet.resource.ResourceHttpRequestHandler]
Looking for @ControllerAdvice: org.springframework.boot.web.servlet.context.AnnotationConfigServletWebServerApplicationContext@a1153bc: startup date [Mon Aug 27 20:23:26 CST 2018]; root of context hierarchy
Mapped "{[/error]}" onto public org.springframework.http.ResponseEntity<java.util.Map<java.lang.String, java.lang.Object>> org.springframework.boot.autoconfigure.web.servlet.error.BasicErrorController.error(javax.servlet.http.HttpServletRequest)
Mapped "{[/error],produces=[text/html]}" onto public org.springframework.web.servlet.ModelAndView org.springframework.boot.autoconfigure.web.servlet.error.BasicErrorController.errorHtml(javax.servlet.http.HttpServletRequest,javax.servlet.http.HttpServletResponse)
Mapped URL path [/webjars/**] onto handler of type [class org.springframework.web.servlet.resource.ResourceHttpRequestHandler]
Mapped URL path [/**] onto handler of type [class org.springframework.web.servlet.resource.ResourceHttpRequestHandler]
Registering @ServerEndpoint class: class com.tijk.ChatRoom.Service.WebSocket
Registering beans for JMX exposure on startup
Starting ProtocolHandler ["http-nio-8080"]
Using a shared selector for servlet write/read
Tomcat started on port(s): 8080 (http) with context path '/chat'
Started ChatRoomApplication in 3.16 seconds (JVM running for 4.255)
Initializing Spring FrameworkServlet 'dispatcherServlet'
FrameworkServlet 'dispatcherServlet': initialization started
FrameworkServlet 'dispatcherServlet': initialization completed in 17 ms
【wesocket消息】广播消息，message={"userNum":1,"type":1,"message":"有新的连接"}
【websocket消息】有新的连接，总数：1
【wesocket消息】广播消息，message={"userNum":1,"type":3,"message":"hi"}
【websocket消息】收到客户端发来的消息:hi
【websocket消息】连接断开，总数:0
【wesocket消息】广播消息，message={"userNum":1,"type":1,"message":"有新的连接"}
【websocket消息】有新的连接，总数：1
【wesocket消息】广播消息，message={"userNum":1,"type":3,"message":"hello"}
【websocket消息】收到客户端发来的消息:hello
【websocket消息】连接断开，总数:0
【wesocket消息】广播消息，message={"userNum":1,"type":1,"message":"有新的连接"}
【websocket消息】有新的连接，总数：1
【wesocket消息】广播消息，message={"userNum":2,"type":1,"message":"有新的连接"}
【wesocket消息】广播消息，message={"userNum":2,"type":1,"message":"有新的连接"}
【websocket消息】有新的连接，总数：2
【wesocket消息】广播消息，message={"userNum":1,"type":2,"message":"有用户离开"}
【websocket消息】连接断开，总数:1
【wesocket消息】广播消息，message={"userNum":2,"type":1,"message":"有新的连接"}
【wesocket消息】广播消息，message={"userNum":2,"type":1,"message":"有新的连接"}
【websocket消息】有新的连接，总数：2
【wesocket消息】广播消息，message={"userNum":3,"type":1,"message":"有新的连接"}
【wesocket消息】广播消息，message={"userNum":3,"type":1,"message":"有新的连接"}
【wesocket消息】广播消息，message={"userNum":3,"type":1,"message":"有新的连接"}
【websocket消息】有新的连接，总数：3
【wesocket消息】广播消息，message={"userNum":3,"type":3,"message":"hello"}
【wesocket消息】广播消息，message={"userNum":3,"type":3,"message":"hello"}
【wesocket消息】广播消息，message={"userNum":3,"type":3,"message":"hello"}
【websocket消息】收到客户端发来的消息:hello
【wesocket消息】广播消息，message={"userNum":4,"type":1,"message":"有新的连接"}
【wesocket消息】广播消息，message={"userNum":4,"type":1,"message":"有新的连接"}
【wesocket消息】广播消息，message={"userNum":4,"type":1,"message":"有新的连接"}
【wesocket消息】广播消息，message={"userNum":4,"type":1,"message":"有新的连接"}
【websocket消息】有新的连接，总数：4
【wesocket消息】广播消息，message={"userNum":4,"type":3,"message":"hahaha"}
【wesocket消息】广播消息，message={"userNum":4,"type":3,"message":"hahaha"}
【wesocket消息】广播消息，message={"userNum":4,"type":3,"message":"hahaha"}
【wesocket消息】广播消息，message={"userNum":4,"type":3,"message":"hahaha"}
【websocket消息】收到客户端发来的消息:hahaha
【wesocket消息】广播消息，message={"userNum":1,"type":2,"message":"有用户离开"}
【wesocket消息】广播消息，message={"userNum":3,"type":2,"message":"有用户离开"}
【websocket消息】连接断开，总数:1
【websocket消息】连接断开，总数:1
【wesocket消息】广播消息，message={"userNum":2,"type":2,"message":"有用户离开"}
【websocket消息】连接断开，总数:1
【websocket消息】连接断开，总数:0
